{
  kty: 'RSA',
  n: '23l_OVy1aJDx_agzsCziyGLwL6qc1kIEhVUibLwiin5SnPiNysbFCxfy0g9mhoEWHDy5PVIIeEnM_Xr3T6ovqS2fHnNU18M59dKZoQEFZdOPa69d1BErTOnNTgMwqSp1n-72Hco_ojj4SG-qTKkEYEZlazhIazUTodPnswAY_jyz4lHf7dROWdgf0mgLr5G6ZKeiEEpZ7ePuYTzauzfMicMzBAaYQRZJUOp8cmqKMDRrPprrB98VPluYmXEOz4AmjbOUOy4q99NnzJCodtrQgwmib5paKV4OHGmmZ2-0JMV9md78pQx3TB86KAg3J1y5A89DX8NnI1omwAGq1kpdvQ',
  e: 'AQAB',
  kid: '3MdxjAeBjQICFvv2APJPkeMMgV14voIhAxORY3SgsDs',
  alg: 'RS256'
} : Mon May 06 2024 07:46:49 GMT+1000 (Australian Eastern Standard Time)
{
  kty: 'RSA',
  n: 'zN2ugw20EuVL63VxBNh0879-l78SM-4U8A7Jg6QASoEgqsr6NOaJWAmem6FnRucuHsr_-EPPrlAz9zKM1eTziu1h_TPGcRW5AVI-LNKYqkLZSlS-HXKMWEXa6ZDSrqUtra4QrV609U03IJsMxRs-WSeOlNS6kML0_7BlziJoBv3msuENabtpCwxXFJyzCa2zhh2dG3dnsWRmxb0RquDjs7KTlPm4SWvSzU2Omh3J_tGvWn8mDpXnJMbeEm8Fn6InCbNlwCMLVE3NAWAqbzftY_kuZyKtN06n8iUbPWdcKYiVYUZ59bJI_95bBxyTPKsUdDcy8HrmxKOBI9j5wXyGlQ',
  e: 'AQAB',
  kid: 'wnwUQBE3Eynej5n8Zc21IWuT9JtyW9XDAh8eJQF10-Q',
  alg: 'RS256'
} : Mon May 06 2024 07:46:49 GMT+1000 (Australian Eastern Standard Time)
User data source initialized! : Mon May 06 2024 07:46:49 GMT+1000 (Australian Eastern Standard Time)
App data source initilized! : Mon May 06 2024 07:46:49 GMT+1000 (Australian Eastern Standard Time)
{
  kty: 'RSA',
  n: 'vehO_eHmw36qzQcAnzaKr1y8clVvO6RF0HNIpXC66OqiDhLy0LISAPnnz-rUo06EjhObcasix1Mp-yxT3_xbi9FVE5M_kCoLOw0x0GSQ-XNWpCDrdYhE7c4SkeiUjNHW27sPRZcVpdjpelVzVTewWanaBBiH_ZIMvdUgYrS295DcXB0jgCyIV2MCS3jBnDI__WJmUtPlTqSRQisEpfKSe068sEz5D4zpPqZVbJ_rnyNVmUBDN0ZQoq1GmRiBuVft7auLFQx9fDmm5Mz_LPNYo1Ig3MiUElzKBMlBAEWE8xY1fAoIlabGXZZ_fcnQbFxdjR0pjjVJU5JJ6vfFmA-Kkw',
  e: 'AQAB',
  kid: 'ko_mNKCdTk_m5egdL4f8m2qp9_zHxQXZKJtuRJxwtVY',
  alg: 'RS256'
} : Mon May 06 2024 07:47:14 GMT+1000 (Australian Eastern Standard Time)
{
  kty: 'RSA',
  n: 'rwkYuh95zci7JS5dujwpKEH1btKqZNwsA5-hhQKuYc2jYdMXUh2zPP9HffzLgEJoJFdeXb-ZNyKU4XtrdPo5CO3z8xN6XUNLOb5uFRjxzthXC3AGerojzLkag8-baZNTTg4saUns-6IAeyENYTIGGLLaWc9obENR482O3LiBwfQ3956Mu2zHyTWKFgJCZBS7vOwdg_A6G7pl4pECJDVjAnv3WDx2Nk6a06ipJBlSHV0WUTNGxHfCEgjlZHdvTeoiBWMyKNpfEdoXu5yHd_ETCkRmg_RRNGKdFTavEXzUwml1Ld7v9xPlEAffEbqj3Tu4NyVKSoKK0vx8mgjdKw13gQ',
  e: 'AQAB',
  kid: 'iRy24GdVviLogJdKV0cwT8qZEHnpoNyXEC1lgcX_oa8',
  alg: 'RS256'
} : Mon May 06 2024 07:47:14 GMT+1000 (Australian Eastern Standard Time)
User data source initialized! : Mon May 06 2024 07:47:14 GMT+1000 (Australian Eastern Standard Time)
App data source initilized! : Mon May 06 2024 07:47:14 GMT+1000 (Australian Eastern Standard Time)
{
  kty: 'RSA',
  n: '0vt0YZgu-nCuwODNu94tiy9m-J01QFoBK5EmjMTQc-NXDCyNG0OqrKot2hhdygr4eDnWNo-VpYdLO7ZP4hM_KP8S4cqUN72HMzm7aj7nSqs8GnPTeWE5S05Wfyd4d3HpoZ_xjvnebEgDCqe1UjOCaeoUkCBPAKFCOUd5sGUFcfTDsARqkh_nOsQq--4ZYIWW0qMY9RToU0KL09oj36WtdImYl1jedpceCEC9cphB58OhlKBbh4hHVB96ArFl7GlITsvsU-TPe4D6OjBilgdoBsYKH5osV4BfoXMXXnRXDSCj2x_Of38ygGQ5lZr4lfSCRbGGlEzVmiVI-J915nHwKw',
  e: 'AQAB',
  kid: '3C9xLFDLQiUhjoJJu0KhOiZCdnIXeA73wSHjekYFYyw',
  alg: 'RS256'
} : Mon May 06 2024 07:47:35 GMT+1000 (Australian Eastern Standard Time)
{
  kty: 'RSA',
  n: 'zTdSqhKLVWF0UcThMuU2Acda9d40eUZ2xT1-6FIRmQcxRhGIWsuIit2vFR-3vgo3QxobrqLRpOV-RVEPBMWDAXPufE-pBC_NIRAGg9axOtyFuGMiaZRjXy_so1f1zh1Hf7LwNICL6EwgIXaDHuoZTJ7Qh7iLWnvrR7pzCUy_Txp1uBtmO2hVgbVzXIED2UzTRMh6qYZ0j9AqCNWxTg1L3zw5uXfE9bcq6JfmzV5nxLw3Uqol9sppOpbDNDIxhjn-gKoRa19NWh0LlOkqMiFJQjVb1XeVJrQKiE_CgBxEylMVHKw17Z-aULVmtwg7MHd53W0TnZ-CMgoALTBLaowrwQ',
  e: 'AQAB',
  kid: 'nHVb002Mqkujp1xolkjN0-VrQMV267CqN8_nbuLIc0Y',
  alg: 'RS256'
} : Mon May 06 2024 07:47:36 GMT+1000 (Australian Eastern Standard Time)
User data source initialized! : Mon May 06 2024 07:47:36 GMT+1000 (Australian Eastern Standard Time)
App data source initilized! : Mon May 06 2024 07:47:36 GMT+1000 (Australian Eastern Standard Time)
{
  kty: 'RSA',
  n: 'sJgEXytmdhJvfO7QkRbbp9KdINUgBjgLsG8EZmFIHbR7ZY9J2GGk5VdxmiDHNbPNjf7c7T2ub8FXWg5O0_PpEx6Wqe9W_QIGDHLfVrY-bUAv2dJBZOQ0RQuL7yzMYV0vezIWeB0aqmRL6feUreA57szwcfITH2-XbTyZrdIiMMSgHrgWdDKGDf6hhLEooIlIi7C_AU5FAY40Ubznwvme5mg6mx3NvEU-lObhPpSCfXwtJ5q-PAP28gm7XXnYj_8_xoRG1aXdMEy5QROuZXDqKrya-KvO8OpMqxSsZa_vzdLdHSEA-7kUJY5_41Qk3NE5sO_9nUQGsNL1Ik1lsSyT6Q',
  e: 'AQAB',
  kid: '44CLNB_i87lJkh-jPPSc2tu4G_-pzdGzOR2wSMbDD7M',
  alg: 'RS256'
} : Mon May 06 2024 07:48:15 GMT+1000 (Australian Eastern Standard Time)
{
  kty: 'RSA',
  n: 'uL44cYLTjNknR3pjKnMrfiIfB_uXXjYBZy5dYrgSMkeqtK4kiW5qULT0azO2WyQy1E_eEM032mhWa5eHHKpPCu5QmGNAZixiogB7gAsomUhoshcAsAWtoefGVmake3FCAerbC0vBJbp6VFikPjFlbG603RMg9gXdlWyJpZKD6UXfBrVlwt4fthhXO0iVj8ctrYbMWxj1hXBdUjid63Iyf3TFee_yv-d_pd-qLpZBYL_L5vhUhZnfaPFOucf2j0hnyTKI2gUZ--RTXobuivlQZB6fbHMVQN-blvzeJqrc_InAyAapdlMW-tf8n7OCdQ77T02iRgrLR8LLGt1cMnQm5w',
  e: 'AQAB',
  kid: 'tZXfKshwlbQBieMQYjwXoK3aDjZ7StnLdGjXHljnihc',
  alg: 'RS256'
} : Mon May 06 2024 07:48:15 GMT+1000 (Australian Eastern Standard Time)
User data source initialized! : Mon May 06 2024 07:48:15 GMT+1000 (Australian Eastern Standard Time)
App data source initilized! : Mon May 06 2024 07:48:15 GMT+1000 (Australian Eastern Standard Time)
